<?xml version="1.0" encoding="UTF-8"?>
<!-- Generated by org.testng.reporters.JUnitXMLReporter -->
<testsuite hostname="LAPTOP-26RSQLRR" ignored="0" name="Command line test" tests="4" failures="0" timestamp="2020-08-29T20:49:35 SGT" time="0.039" errors="0">
  <testcase name="testlogout" time="0.003" classname="red_carpet.TestRegistration"/>
  <testcase name="testLogin" time="0.0" classname="red_carpet.TestRegistration"/>
  <testcase name="testBill" time="0.0" classname="red_carpet.TestBill"/>
  <testcase name="testDebitBill" time="0.0" classname="red_carpet.TestBill"/>
</testsuite> <!-- Command line test -->
