<?xml version="1.0" encoding="UTF-8"?>
<testng-results skipped="0" failed="0" ignored="0" total="4" passed="4">
  <reporter-output>
  </reporter-output>
  <suite name="Command line suite" duration-ms="39" started-at="2020-08-29T20:49:35 SGT" finished-at="2020-08-29T20:49:35 SGT">
    <groups>
    </groups>
    <test name="Command line test" duration-ms="39" started-at="2020-08-29T20:49:35 SGT" finished-at="2020-08-29T20:49:35 SGT">
      <class name="red_carpet.TestRegistration">
        <test-method status="PASS" signature="testlogout()[pri:1, instance:red_carpet.TestRegistration@8bd1b6a]" name="testlogout" duration-ms="3" started-at="2020-08-29T20:49:35 SGT" description="user logout" finished-at="2020-08-29T20:49:35 SGT">
          <reporter-output>
          </reporter-output>
        </test-method> <!-- testlogout -->
        <test-method status="PASS" signature="testLogin()[pri:2, instance:red_carpet.TestRegistration@8bd1b6a]" name="testLogin" duration-ms="0" started-at="2020-08-29T20:49:35 SGT" description="user login" finished-at="2020-08-29T20:49:35 SGT">
          <reporter-output>
          </reporter-output>
        </test-method> <!-- testLogin -->
      </class> <!-- red_carpet.TestRegistration -->
      <class name="red_carpet.TestBill">
        <test-method status="PASS" signature="testBill()[pri:0, instance:red_carpet.TestBill@18be83e4]" name="testBill" duration-ms="0" started-at="2020-08-29T20:49:35 SGT" description="test billing" finished-at="2020-08-29T20:49:35 SGT">
          <reporter-output>
          </reporter-output>
        </test-method> <!-- testBill -->
        <test-method status="PASS" signature="testDebitBill()[pri:0, instance:red_carpet.TestBill@18be83e4]" name="testDebitBill" duration-ms="0" started-at="2020-08-29T20:49:35 SGT" description="test billing 2" finished-at="2020-08-29T20:49:35 SGT">
          <reporter-output>
          </reporter-output>
        </test-method> <!-- testDebitBill -->
      </class> <!-- red_carpet.TestBill -->
    </test> <!-- Command line test -->
  </suite> <!-- Command line suite -->
</testng-results>
